This file contains any messages produced by compilers while
running configure, to aid debugging if configure makes a mistake.

It was created by connman configure 1.34, which was
generated by GNU Autoconf 2.69.  Invocation command line was

  $ ./configure CFLAGS=-m32 -O2 -fno-stack-protector -z execstack -no-pie --prefix=/usr --sysconfdir=/etc --localstatedir=/var

## --------- ##
## Platform. ##
## --------- ##

hostname = ubuntu-VirtualBox
uname -m = x86_64
uname -r = 6.11.0-29-generic
uname -s = Linux
uname -v = #29~24.04.1-Ubuntu SMP PREEMPT_DYNAMIC Thu Jun 26 14:16:59 UTC 2

/usr/bin/uname -p = x86_64
/bin/uname -X     = unknown

/bin/arch              = x86_64
/usr/bin/arch -k       = unknown
/usr/convex/getsysinfo = unknown
/usr/bin/hostinfo      = unknown
/bin/machine           = unknown
/usr/bin/oslevel       = unknown
/bin/universe          = unknown

PATH: /usr/local/sbin
PATH: /usr/local/bin
PATH: /usr/sbin
PATH: /usr/bin
PATH: /sbin
PATH: /bin
PATH: /snap/bin


## ----------- ##
## Core tests. ##
## ----------- ##

configure:2483: checking for a BSD-compatible install
configure:2551: result: /usr/bin/install -c
configure:2562: checking whether build environment is sane
configure:2617: result: yes
configure:2768: checking for a thread-safe mkdir -p
configure:2807: result: /usr/bin/mkdir -p
configure:2814: checking for gawk
configure:2844: result: no
configure:2814: checking for mawk
configure:2830: found /usr/bin/mawk
configure:2841: result: mawk
configure:2852: checking whether make sets $(MAKE)
configure:2874: result: yes
configure:2903: checking whether make supports nested variables
configure:2920: result: yes
configure:3060: checking whether make supports nested variables
configure:3077: result: yes
configure:3090: checking whether to enable maintainer-specific portions of Makefiles
configure:3099: result: no
configure:3169: checking for pkg-config
configure:3187: found /usr/bin/pkg-config
configure:3199: result: /usr/bin/pkg-config
configure:3224: checking pkg-config is at least version 0.9.0
configure:3227: result: yes
configure:3310: checking for gcc
configure:3326: found /usr/bin/gcc
configure:3337: result: gcc
configure:3566: checking for C compiler version
configure:3575: gcc --version >&5
gcc (Ubuntu 13.3.0-6ubuntu2~24.04) 13.3.0
Copyright (C) 2023 Free Software Foundation, Inc.
This is free software; see the source for copying conditions.  There is NO
warranty; not even for MERCHANTABILITY or FITNESS FOR A PARTICULAR PURPOSE.

configure:3586: $? = 0
configure:3575: gcc -v >&5
Using built-in specs.
COLLECT_GCC=gcc
COLLECT_LTO_WRAPPER=/usr/libexec/gcc/x86_64-linux-gnu/13/lto-wrapper
OFFLOAD_TARGET_NAMES=nvptx-none:amdgcn-amdhsa
OFFLOAD_TARGET_DEFAULT=1
Target: x86_64-linux-gnu
Configured with: ../src/configure -v --with-pkgversion='Ubuntu 13.3.0-6ubuntu2~24.04' --with-bugurl=file:///usr/share/doc/gcc-13/README.Bugs --enable-languages=c,ada,c++,go,d,fortran,objc,obj-c++,m2 --prefix=/usr --with-gcc-major-version-only --program-suffix=-13 --program-prefix=x86_64-linux-gnu- --enable-shared --enable-linker-build-id --libexecdir=/usr/libexec --without-included-gettext --enable-threads=posix --libdir=/usr/lib --enable-nls --enable-bootstrap --enable-clocale=gnu --enable-libstdcxx-debug --enable-libstdcxx-time=yes --with-default-libstdcxx-abi=new --enable-libstdcxx-backtrace --enable-gnu-unique-object --disable-vtable-verify --enable-plugin --enable-default-pie --with-system-zlib --enable-libphobos-checking=release --with-target-system-zlib=auto --enable-objc-gc=auto --enable-multiarch --disable-werror --enable-cet --with-arch-32=i686 --with-abi=m64 --with-multilib-list=m32,m64,mx32 --enable-multilib --with-tune=generic --enable-offload-targets=nvptx-none=/build/gcc-13-fG75Ri/gcc-13-13.3.0/debian/tmp-nvptx/usr,amdgcn-amdhsa=/build/gcc-13-fG75Ri/gcc-13-13.3.0/debian/tmp-gcn/usr --enable-offload-defaulted --without-cuda-driver --enable-checking=release --build=x86_64-linux-gnu --host=x86_64-linux-gnu --target=x86_64-linux-gnu --with-build-config=bootstrap-lto-lean --enable-link-serialization=2
Thread model: posix
Supported LTO compression algorithms: zlib zstd
gcc version 13.3.0 (Ubuntu 13.3.0-6ubuntu2~24.04) 
... rest of stderr output deleted ...
configure:3586: $? = 0
configure:3575: gcc -V >&5
gcc: error: unrecognized command-line option '-V'
gcc: fatal error: no input files
compilation terminated.
configure:3586: $? = 1
configure:3575: gcc -qversion >&5
gcc: error: unrecognized command-line option '-qversion'; did you mean '--version'?
gcc: fatal error: no input files
compilation terminated.
configure:3586: $? = 1
configure:3606: checking whether the C compiler works
configure:3628: gcc -m32 -O2 -fno-stack-protector -z execstack -no-pie   conftest.c  >&5
configure:3632: $? = 0
configure:3680: result: yes
configure:3683: checking for C compiler default output file name
configure:3685: result: a.out
configure:3691: checking for suffix of executables
configure:3698: gcc -o conftest -m32 -O2 -fno-stack-protector -z execstack -no-pie   conftest.c  >&5
configure:3702: $? = 0
configure:3724: result: 
configure:3746: checking whether we are cross compiling
configure:3754: gcc -o conftest -m32 -O2 -fno-stack-protector -z execstack -no-pie   conftest.c  >&5
configure:3758: $? = 0
configure:3765: ./conftest
configure:3769: $? = 0
configure:3784: result: no
configure:3789: checking for suffix of object files
configure:3811: gcc -c -m32 -O2 -fno-stack-protector -z execstack -no-pie  conftest.c >&5
configure:3815: $? = 0
configure:3836: result: o
configure:3840: checking whether we are using the GNU C compiler
configure:3859: gcc -c -m32 -O2 -fno-stack-protector -z execstack -no-pie  conftest.c >&5
configure:3859: $? = 0
configure:3868: result: yes
configure:3877: checking whether gcc accepts -g
configure:3897: gcc -c -g  conftest.c >&5
configure:3897: $? = 0
configure:3938: result: yes
configure:3955: checking for gcc option to accept ISO C89
configure:4018: gcc  -c -m32 -O2 -fno-stack-protector -z execstack -no-pie  conftest.c >&5
configure:4018: $? = 0
configure:4031: result: none needed
configure:4056: checking whether gcc understands -c and -o together
configure:4078: gcc -c conftest.c -o conftest2.o
configure:4081: $? = 0
configure:4078: gcc -c conftest.c -o conftest2.o
configure:4081: $? = 0
configure:4093: result: yes
configure:4121: checking for style of include used by make
configure:4149: result: GNU
configure:4175: checking dependency style of gcc
configure:4286: result: gcc3
configure:4303: checking whether gcc accepts -fPIE
configure:4318: result: yes
configure:4387: checking build system type
configure:4401: result: x86_64-unknown-linux-gnu
configure:4421: checking host system type
configure:4434: result: x86_64-unknown-linux-gnu
configure:4475: checking how to print strings
configure:4502: result: printf
configure:4523: checking for a sed that does not truncate output
configure:4587: result: /usr/bin/sed
configure:4605: checking for grep that handles long lines and -e
configure:4663: result: /usr/bin/grep
configure:4668: checking for egrep
configure:4730: result: /usr/bin/grep -E
configure:4735: checking for fgrep
configure:4797: result: /usr/bin/grep -F
configure:4832: checking for ld used by gcc
configure:4899: result: /usr/bin/ld
configure:4906: checking if the linker (/usr/bin/ld) is GNU ld
configure:4921: result: yes
configure:4933: checking for BSD- or MS-compatible name lister (nm)
configure:4982: result: /usr/bin/nm -B
configure:5112: checking the name lister (/usr/bin/nm -B) interface
configure:5119: gcc -c -m32 -O2 -fno-stack-protector -z execstack -no-pie  conftest.c >&5
configure:5122: /usr/bin/nm -B "conftest.o"
configure:5125: output
00000000 B some_variable
configure:5132: result: BSD nm
configure:5135: checking whether ln -s works
configure:5139: result: yes
configure:5147: checking the maximum length of command line arguments
configure:5278: result: 1572864
configure:5295: checking whether the shell understands some XSI constructs
configure:5305: result: yes
configure:5309: checking whether the shell understands "+="
configure:5315: result: yes
configure:5350: checking how to convert x86_64-unknown-linux-gnu file names to x86_64-unknown-linux-gnu format
configure:5390: result: func_convert_file_noop
configure:5397: checking how to convert x86_64-unknown-linux-gnu file names to toolchain format
configure:5417: result: func_convert_file_noop
configure:5424: checking for /usr/bin/ld option to reload object files
configure:5431: result: -r
configure:5505: checking for objdump
configure:5521: found /usr/bin/objdump
configure:5532: result: objdump
configure:5564: checking how to recognize dependent libraries
configure:5762: result: pass_all
configure:5847: checking for dlltool
configure:5877: result: no
configure:5907: checking how to associate runtime and link libraries
configure:5934: result: printf %s\n
configure:5995: checking for ar
configure:6011: found /usr/bin/ar
configure:6022: result: ar
configure:6059: checking for archiver @FILE support
configure:6076: gcc -c -m32 -O2 -fno-stack-protector -z execstack -no-pie  conftest.c >&5
configure:6076: $? = 0
configure:6079: ar cru libconftest.a @conftest.lst >&5
ar: `u' modifier ignored since `D' is the default (see `U')
configure:6082: $? = 0
configure:6087: ar cru libconftest.a @conftest.lst >&5
ar: `u' modifier ignored since `D' is the default (see `U')
ar: conftest.o: No such file or directory
configure:6090: $? = 1
configure:6102: result: @
configure:6160: checking for strip
configure:6176: found /usr/bin/strip
configure:6187: result: strip
configure:6259: checking for ranlib
configure:6275: found /usr/bin/ranlib
configure:6286: result: ranlib
configure:6388: checking command to parse /usr/bin/nm -B output from gcc object
configure:6508: gcc -c -m32 -O2 -fno-stack-protector -z execstack -no-pie  conftest.c >&5
configure:6511: $? = 0
configure:6515: /usr/bin/nm -B conftest.o \| sed -n -e 's/^.*[ ]\([ABCDGIRSTW][ABCDGIRSTW]*\)[ ][ ]*\([_A-Za-z][_A-Za-z0-9]*\)$/\1 \2 \2/p' | sed '/ __gnu_lto/d' \> conftest.nm
configure:6518: $? = 0
configure:6584: gcc -o conftest -m32 -O2 -fno-stack-protector -z execstack -no-pie   conftest.c conftstm.o >&5
configure:6587: $? = 0
configure:6625: result: ok
configure:6662: checking for sysroot
configure:6692: result: no
configure:6769: gcc -c -m32 -O2 -fno-stack-protector -z execstack -no-pie  conftest.c >&5
configure:6772: $? = 0
configure:6961: checking for mt
configure:6977: found /usr/bin/mt
configure:6988: result: mt
configure:7011: checking if mt is a manifest tool
configure:7017: mt '-?'
configure:7025: result: no
configure:7667: checking how to run the C preprocessor
configure:7698: gcc -E  conftest.c
configure:7698: $? = 0
configure:7712: gcc -E  conftest.c
conftest.c:11:10: fatal error: ac_nonexistent.h: No such file or directory
   11 | #include <ac_nonexistent.h>
      |          ^~~~~~~~~~~~~~~~~~
compilation terminated.
configure:7712: $? = 1
configure: failed program was:
| /* confdefs.h */
| #define PACKAGE_NAME "connman"
| #define PACKAGE_TARNAME "connman"
| #define PACKAGE_VERSION "1.34"
| #define PACKAGE_STRING "connman 1.34"
| #define PACKAGE_BUGREPORT ""
| #define PACKAGE_URL ""
| #define PACKAGE "connman"
| #define VERSION "1.34"
| /* end confdefs.h.  */
| #include <ac_nonexistent.h>
configure:7737: result: gcc -E
configure:7757: gcc -E  conftest.c
configure:7757: $? = 0
configure:7771: gcc -E  conftest.c
conftest.c:11:10: fatal error: ac_nonexistent.h: No such file or directory
   11 | #include <ac_nonexistent.h>
      |          ^~~~~~~~~~~~~~~~~~
compilation terminated.
configure:7771: $? = 1
configure: failed program was:
| /* confdefs.h */
| #define PACKAGE_NAME "connman"
| #define PACKAGE_TARNAME "connman"
| #define PACKAGE_VERSION "1.34"
| #define PACKAGE_STRING "connman 1.34"
| #define PACKAGE_BUGREPORT ""
| #define PACKAGE_URL ""
| #define PACKAGE "connman"
| #define VERSION "1.34"
| /* end confdefs.h.  */
| #include <ac_nonexistent.h>
configure:7800: checking for ANSI C header files
configure:7820: gcc -c -m32 -O2 -fno-stack-protector -z execstack -no-pie  conftest.c >&5
configure:7820: $? = 0
configure:7893: gcc -o conftest -m32 -O2 -fno-stack-protector -z execstack -no-pie   conftest.c  >&5
configure:7893: $? = 0
configure:7893: ./conftest
configure:7893: $? = 0
configure:7904: result: yes
configure:7917: checking for sys/types.h
configure:7917: gcc -c -m32 -O2 -fno-stack-protector -z execstack -no-pie  conftest.c >&5
configure:7917: $? = 0
configure:7917: result: yes
configure:7917: checking for sys/stat.h
configure:7917: gcc -c -m32 -O2 -fno-stack-protector -z execstack -no-pie  conftest.c >&5
configure:7917: $? = 0
configure:7917: result: yes
configure:7917: checking for stdlib.h
configure:7917: gcc -c -m32 -O2 -fno-stack-protector -z execstack -no-pie  conftest.c >&5
configure:7917: $? = 0
configure:7917: result: yes
configure:7917: checking for string.h
configure:7917: gcc -c -m32 -O2 -fno-stack-protector -z execstack -no-pie  conftest.c >&5
configure:7917: $? = 0
configure:7917: result: yes
configure:7917: checking for memory.h
configure:7917: gcc -c -m32 -O2 -fno-stack-protector -z execstack -no-pie  conftest.c >&5
configure:7917: $? = 0
configure:7917: result: yes
configure:7917: checking for strings.h
configure:7917: gcc -c -m32 -O2 -fno-stack-protector -z execstack -no-pie  conftest.c >&5
configure:7917: $? = 0
configure:7917: result: yes
configure:7917: checking for inttypes.h
configure:7917: gcc -c -m32 -O2 -fno-stack-protector -z execstack -no-pie  conftest.c >&5
configure:7917: $? = 0
configure:7917: result: yes
configure:7917: checking for stdint.h
configure:7917: gcc -c -m32 -O2 -fno-stack-protector -z execstack -no-pie  conftest.c >&5
configure:7917: $? = 0
configure:7917: result: yes
configure:7917: checking for unistd.h
configure:7917: gcc -c -m32 -O2 -fno-stack-protector -z execstack -no-pie  conftest.c >&5
configure:7917: $? = 0
configure:7917: result: yes
configure:7931: checking for dlfcn.h
configure:7931: gcc -c -m32 -O2 -fno-stack-protector -z execstack -no-pie  conftest.c >&5
configure:7931: $? = 0
configure:7931: result: yes
configure:8107: checking for objdir
configure:8122: result: .libs
configure:8393: checking if gcc supports -fno-rtti -fno-exceptions
configure:8411: gcc -c -m32 -O2 -fno-stack-protector -z execstack -no-pie  -fno-rtti -fno-exceptions conftest.c >&5
cc1: warning: command-line option '-fno-rtti' is valid for C++/D/ObjC++ but not for C
configure:8415: $? = 0
configure:8428: result: no
configure:8755: checking for gcc option to produce PIC
configure:8762: result: -fPIC -DPIC
configure:8770: checking if gcc PIC flag -fPIC -DPIC works
configure:8788: gcc -c -m32 -O2 -fno-stack-protector -z execstack -no-pie  -fPIC -DPIC -DPIC conftest.c >&5
configure:8792: $? = 0
configure:8805: result: yes
configure:8834: checking if gcc static flag -static works
configure:8862: result: yes
configure:8877: checking if gcc supports -c -o file.o
configure:8898: gcc -c -m32 -O2 -fno-stack-protector -z execstack -no-pie  -o out/conftest2.o conftest.c >&5
configure:8902: $? = 0
configure:8924: result: yes
configure:8932: checking if gcc supports -c -o file.o
configure:8979: result: yes
configure:9012: checking whether the gcc linker (/usr/bin/ld -m elf_i386) supports shared libraries
configure:10169: result: yes
configure:10206: checking whether -lc should be explicitly linked in
configure:10214: gcc -c -m32 -O2 -fno-stack-protector -z execstack -no-pie  conftest.c >&5
configure:10217: $? = 0
configure:10232: gcc -shared  -fPIC -DPIC conftest.o  -v -Wl,-soname -Wl,conftest -o conftest 2\>\&1 \| /usr/bin/grep  -lc  \>/dev/null 2\>\&1
configure:10235: $? = 0
configure:10249: result: no
configure:10409: checking dynamic linker characteristics
configure:10909: gcc -o conftest -m32 -O2 -fno-stack-protector -z execstack -no-pie   -Wl,-rpath -Wl,/foo conftest.c  >&5
configure:10909: $? = 0
configure:11143: result: GNU/Linux ld.so
configure:11250: checking how to hardcode library paths into programs
configure:11275: result: immediate
configure:11815: checking whether stripping libraries is possible
configure:11820: result: yes
configure:11855: checking if libtool supports shared libraries
configure:11857: result: yes
configure:11860: checking whether to build shared libraries
configure:11881: result: yes
configure:11884: checking whether to build static libraries
configure:11888: result: no
configure:12520: checking resolv.h usability
configure:12520: gcc -c -m32 -O2 -fno-stack-protector -z execstack -no-pie  conftest.c >&5
configure:12520: $? = 0
configure:12520: result: yes
configure:12520: checking resolv.h presence
configure:12520: gcc -E  conftest.c
configure:12520: $? = 0
configure:12520: result: yes
configure:12520: checking for resolv.h
configure:12520: result: yes
configure:12532: checking for ns_initparse in -lresolv
configure:12557: gcc -o conftest -m32 -O2 -fno-stack-protector -z execstack -no-pie   conftest.c -lresolv   >&5
configure:12557: $? = 0
configure:12566: result: yes
configure:12620: checking execinfo.h usability
configure:12620: gcc -c -m32 -O2 -fno-stack-protector -z execstack -no-pie  conftest.c >&5
configure:12620: $? = 0
configure:12620: result: yes
configure:12620: checking execinfo.h presence
configure:12620: gcc -E  conftest.c
configure:12620: $? = 0
configure:12620: result: yes
configure:12620: checking for execinfo.h
configure:12620: result: yes
configure:12639: checking for signalfd
configure:12639: gcc -o conftest -m32 -O2 -fno-stack-protector -z execstack -no-pie   conftest.c  >&5
configure:12639: $? = 0
configure:12639: result: yes
configure:12647: checking for dlopen in -ldl
configure:12672: gcc -o conftest -m32 -O2 -fno-stack-protector -z execstack -no-pie   conftest.c -ldl   >&5
configure:12672: $? = 0
configure:12681: result: yes
configure:12772: checking for GLIB
configure:12779: $PKG_CONFIG --exists --print-errors "glib-2.0 >= 2.28"
configure:12782: $? = 0
configure:12796: $PKG_CONFIG --exists --print-errors "glib-2.0 >= 2.28"
configure:12799: $? = 0
configure:12837: result: yes
configure:12846: checking for DBUS
configure:12853: $PKG_CONFIG --exists --print-errors "dbus-1 >= 1.4"
configure:12856: $? = 0
configure:12870: $PKG_CONFIG --exists --print-errors "dbus-1 >= 1.4"
configure:12873: $? = 0
configure:12911: result: yes
configure:13000: checking for XTABLES
configure:13007: $PKG_CONFIG --exists --print-errors "xtables >= 1.4.11"
configure:13010: $? = 0
configure:13024: $PKG_CONFIG --exists --print-errors "xtables >= 1.4.11"
configure:13027: $? = 0
configure:13065: result: yes
configure:13409: checking for iptables-save
configure:13428: found /usr/sbin/iptables-save
configure:13440: result: /usr/sbin/iptables-save
configure:13474: checking for GNUTLS
configure:13481: $PKG_CONFIG --exists --print-errors "gnutls"
configure:13484: $? = 0
configure:13498: $PKG_CONFIG --exists --print-errors "gnutls"
configure:13501: $? = 0
configure:13539: result: yes
configure:13553: checking sys/inotify.h usability
configure:13553: gcc -c -m32 -O2 -fno-stack-protector -z execstack -no-pie  conftest.c >&5
configure:13553: $? = 0
configure:13553: result: yes
configure:13553: checking sys/inotify.h presence
configure:13553: gcc -E  conftest.c
configure:13553: $? = 0
configure:13553: result: yes
configure:13553: checking for sys/inotify.h
configure:13553: result: yes
configure:13566: checking for inotify_init in -lc
configure:13591: gcc -o conftest -m32 -O2 -fno-stack-protector -z execstack -no-pie   conftest.c -lc   >&5
configure:13591: $? = 0
configure:13600: result: yes
configure:13613: checking for wpa_supplicant
configure:13632: found /usr/sbin/wpa_supplicant
configure:13644: result: /usr/sbin/wpa_supplicant
configure:13671: checking readline/readline.h usability
configure:13671: gcc -c -m32 -O2 -fno-stack-protector -z execstack -no-pie  conftest.c >&5
configure:13671: $? = 0
configure:13671: result: yes
configure:13671: checking readline/readline.h presence
configure:13671: gcc -E  conftest.c
configure:13671: $? = 0
configure:13671: result: yes
configure:13671: checking for readline/readline.h
configure:13671: result: yes
configure:13801: checking that generated files are newer than configure
configure:13807: result: done
configure:13994: creating ./config.status

## ---------------------- ##
## Running config.status. ##
## ---------------------- ##

This file was extended by connman config.status 1.34, which was
generated by GNU Autoconf 2.69.  Invocation command line was

  CONFIG_FILES    = 
  CONFIG_HEADERS  = 
  CONFIG_LINKS    = 
  CONFIG_COMMANDS = 
  $ ./config.status 

on ubuntu-VirtualBox

config.status:1199: creating Makefile
config.status:1199: creating include/version.h
config.status:1199: creating connman.pc
config.status:1199: creating config.h
config.status:1380: config.h is unchanged
config.status:1428: executing depfiles commands
config.status:1428: executing libtool commands

## ---------------- ##
## Cache variables. ##
## ---------------- ##

ac_cv_build=x86_64-unknown-linux-gnu
ac_cv_c_compiler_gnu=yes
ac_cv_env_CC_set=
ac_cv_env_CC_value=
ac_cv_env_CFLAGS_set=set
ac_cv_env_CFLAGS_value='-m32 -O2 -fno-stack-protector -z execstack -no-pie'
ac_cv_env_CPPFLAGS_set=
ac_cv_env_CPPFLAGS_value=
ac_cv_env_CPP_set=
ac_cv_env_CPP_value=
ac_cv_env_DBUS_CFLAGS_set=
ac_cv_env_DBUS_CFLAGS_value=
ac_cv_env_DBUS_LIBS_set=
ac_cv_env_DBUS_LIBS_value=
ac_cv_env_GLIB_CFLAGS_set=
ac_cv_env_GLIB_CFLAGS_value=
ac_cv_env_GLIB_LIBS_set=
ac_cv_env_GLIB_LIBS_value=
ac_cv_env_GNUTLS_CFLAGS_set=
ac_cv_env_GNUTLS_CFLAGS_value=
ac_cv_env_GNUTLS_LIBS_set=
ac_cv_env_GNUTLS_LIBS_value=
ac_cv_env_LDFLAGS_set=
ac_cv_env_LDFLAGS_value=
ac_cv_env_LIBS_set=
ac_cv_env_LIBS_value=
ac_cv_env_NFTABLES_CFLAGS_set=
ac_cv_env_NFTABLES_CFLAGS_value=
ac_cv_env_NFTABLES_LIBS_set=
ac_cv_env_NFTABLES_LIBS_value=
ac_cv_env_PKG_CONFIG_LIBDIR_set=
ac_cv_env_PKG_CONFIG_LIBDIR_value=
ac_cv_env_PKG_CONFIG_PATH_set=
ac_cv_env_PKG_CONFIG_PATH_value=
ac_cv_env_PKG_CONFIG_set=
ac_cv_env_PKG_CONFIG_value=
ac_cv_env_XTABLES_CFLAGS_set=
ac_cv_env_XTABLES_CFLAGS_value=
ac_cv_env_XTABLES_LIBS_set=
ac_cv_env_XTABLES_LIBS_value=
ac_cv_env_build_alias_set=
ac_cv_env_build_alias_value=
ac_cv_env_host_alias_set=
ac_cv_env_host_alias_value=
ac_cv_env_target_alias_set=
ac_cv_env_target_alias_value=
ac_cv_func_signalfd=yes
ac_cv_header_dlfcn_h=yes
ac_cv_header_execinfo_h=yes
ac_cv_header_inttypes_h=yes
ac_cv_header_memory_h=yes
ac_cv_header_readline_readline_h=yes
ac_cv_header_resolv_h=yes
ac_cv_header_stdc=yes
ac_cv_header_stdint_h=yes
ac_cv_header_stdlib_h=yes
ac_cv_header_string_h=yes
ac_cv_header_strings_h=yes
ac_cv_header_sys_inotify_h=yes
ac_cv_header_sys_stat_h=yes
ac_cv_header_sys_types_h=yes
ac_cv_header_unistd_h=yes
ac_cv_host=x86_64-unknown-linux-gnu
ac_cv_lib_c_inotify_init=yes
ac_cv_lib_dl_dlopen=yes
ac_cv_lib_resolv_ns_initparse=yes
ac_cv_objext=o
ac_cv_path_EGREP='/usr/bin/grep -E'
ac_cv_path_FGREP='/usr/bin/grep -F'
ac_cv_path_GREP=/usr/bin/grep
ac_cv_path_IPTABLES_SAVE=/usr/sbin/iptables-save
ac_cv_path_SED=/usr/bin/sed
ac_cv_path_WPASUPPLICANT=/usr/sbin/wpa_supplicant
ac_cv_path_ac_pt_PKG_CONFIG=/usr/bin/pkg-config
ac_cv_path_install='/usr/bin/install -c'
ac_cv_path_mkdir=/usr/bin/mkdir
ac_cv_prog_AWK=mawk
ac_cv_prog_CPP='gcc -E'
ac_cv_prog_ac_ct_AR=ar
ac_cv_prog_ac_ct_CC=gcc
ac_cv_prog_ac_ct_MANIFEST_TOOL=mt
ac_cv_prog_ac_ct_OBJDUMP=objdump
ac_cv_prog_ac_ct_RANLIB=ranlib
ac_cv_prog_ac_ct_STRIP=strip
ac_cv_prog_cc_c89=
ac_cv_prog_cc_g=yes
ac_cv_prog_cc_pie=yes
ac_cv_prog_make_make_set=yes
am_cv_CC_dependencies_compiler_type=gcc3
am_cv_make_support_nested_variables=yes
am_cv_prog_cc_c_o=yes
lt_cv_ar_at_file=@
lt_cv_archive_cmds_need_lc=no
lt_cv_deplibs_check_method=pass_all
lt_cv_file_magic_cmd='$MAGIC_CMD'
lt_cv_file_magic_test_file=
lt_cv_ld_reload_flag=-r
lt_cv_nm_interface='BSD nm'
lt_cv_objdir=.libs
lt_cv_path_LD=/usr/bin/ld
lt_cv_path_NM='/usr/bin/nm -B'
lt_cv_path_mainfest_tool=no
lt_cv_prog_compiler_c_o=yes
lt_cv_prog_compiler_pic='-fPIC -DPIC'
lt_cv_prog_compiler_pic_works=yes
lt_cv_prog_compiler_rtti_exceptions=no
lt_cv_prog_compiler_static_works=yes
lt_cv_prog_gnu_ld=yes
lt_cv_sharedlib_from_linklib_cmd='printf %s\n'
lt_cv_shlibpath_overrides_runpath=yes
lt_cv_sys_global_symbol_pipe='sed -n -e '\''s/^.*[	 ]\([ABCDGIRSTW][ABCDGIRSTW]*\)[	 ][	 ]*\([_A-Za-z][_A-Za-z0-9]*\)$/\1 \2 \2/p'\'' | sed '\''/ __gnu_lto/d'\'''
lt_cv_sys_global_symbol_to_c_name_address='sed -n -e '\''s/^: \([^ ]*\)[ ]*$/  {\"\1\", (void *) 0},/p'\'' -e '\''s/^[ABCDGIRSTW]* \([^ ]*\) \([^ ]*\)$/  {"\2", (void *) \&\2},/p'\'''
lt_cv_sys_global_symbol_to_c_name_address_lib_prefix='sed -n -e '\''s/^: \([^ ]*\)[ ]*$/  {\"\1\", (void *) 0},/p'\'' -e '\''s/^[ABCDGIRSTW]* \([^ ]*\) \(lib[^ ]*\)$/  {"\2", (void *) \&\2},/p'\'' -e '\''s/^[ABCDGIRSTW]* \([^ ]*\) \([^ ]*\)$/  {"lib\2", (void *) \&\2},/p'\'''
lt_cv_sys_global_symbol_to_cdecl='sed -n -e '\''s/^T .* \(.*\)$/extern int \1();/p'\'' -e '\''s/^[ABCDGIRSTW]* .* \(.*\)$/extern char \1;/p'\'''
lt_cv_sys_max_cmd_len=1572864
lt_cv_to_host_file_cmd=func_convert_file_noop
lt_cv_to_tool_file_cmd=func_convert_file_noop
pkg_cv_DBUS_CFLAGS='-I/usr/include/dbus-1.0 -I/usr/lib/x86_64-linux-gnu/dbus-1.0/include '
pkg_cv_DBUS_LIBS='-ldbus-1 '
pkg_cv_GLIB_CFLAGS='-I/usr/include/glib-2.0 -I/usr/lib/x86_64-linux-gnu/glib-2.0/include '
pkg_cv_GLIB_LIBS='-lglib-2.0 '
pkg_cv_GNUTLS_CFLAGS='-I/usr/include/p11-kit-1 '
pkg_cv_GNUTLS_LIBS='-lgnutls '
pkg_cv_XTABLES_CFLAGS=
pkg_cv_XTABLES_LIBS='-lxtables '

## ----------------- ##
## Output variables. ##
## ----------------- ##

ACLOCAL='${SHELL} /home/ubuntu/Downloads/connman-1.34/missing aclocal-1.14'
AMDEPBACKSLASH='\'
AMDEP_FALSE='#'
AMDEP_TRUE=''
AMTAR='$${TAR-tar}'
AM_BACKSLASH='\'
AM_DEFAULT_V='$(AM_DEFAULT_VERBOSITY)'
AM_DEFAULT_VERBOSITY='0'
AM_V='$(V)'
AR='ar'
AUTOCONF='${SHELL} /home/ubuntu/Downloads/connman-1.34/missing autoconf'
AUTOHEADER='${SHELL} /home/ubuntu/Downloads/connman-1.34/missing autoheader'
AUTOMAKE='${SHELL} /home/ubuntu/Downloads/connman-1.34/missing automake-1.14'
AWK='mawk'
BACKTRACE_FALSE='#'
BACKTRACE_TRUE=''
BLUETOOTH_FALSE='#'
BLUETOOTH_TRUE=''
CC='gcc'
CCDEPMODE='depmode=gcc3'
CFLAGS='-m32 -O2 -fno-stack-protector -z execstack -no-pie'
CLIENT_FALSE='#'
CLIENT_TRUE=''
CPP='gcc -E'
CPPFLAGS=''
CYGPATH_W='echo'
DATAFILES_FALSE='#'
DATAFILES_TRUE=''
DBUS_CFLAGS='-I/usr/include/dbus-1.0 -I/usr/lib/x86_64-linux-gnu/dbus-1.0/include '
DBUS_CONFDIR='/etc/dbus-1/system.d'
DBUS_DATADIR='/usr/share/dbus-1/system-services'
DBUS_LIBS='-ldbus-1 '
DEFS='-DHAVE_CONFIG_H'
DEPDIR='.deps'
DLLTOOL='false'
DSYMUTIL=''
DUMPBIN=''
DUNDEE_FALSE='#'
DUNDEE_TRUE=''
ECHO_C=''
ECHO_N='-n'
ECHO_T=''
EGREP='/usr/bin/grep -E'
ETHERNET_FALSE='#'
ETHERNET_TRUE=''
EXEEXT=''
FGREP='/usr/bin/grep -F'
GADGET_FALSE='#'
GADGET_TRUE=''
GLIB_CFLAGS='-I/usr/include/glib-2.0 -I/usr/lib/x86_64-linux-gnu/glib-2.0/include '
GLIB_LIBS='-lglib-2.0 '
GNUTLS_CFLAGS='-I/usr/include/p11-kit-1 '
GNUTLS_LIBS='-lgnutls '
GREP='/usr/bin/grep'
HH2SERIAL_GPS_BUILTIN_FALSE=''
HH2SERIAL_GPS_BUILTIN_TRUE='#'
HH2SERIAL_GPS_FALSE=''
HH2SERIAL_GPS_TRUE='#'
INSTALL_DATA='${INSTALL} -m 644'
INSTALL_PROGRAM='${INSTALL}'
INSTALL_SCRIPT='${INSTALL}'
INSTALL_STRIP_PROGRAM='$(install_sh) -c -s'
IOSPM_FALSE=''
IOSPM_TRUE='#'
IPTABLES_SAVE='/usr/sbin/iptables-save'
IWD_FALSE=''
IWD_TRUE='#'
L2TP=''
L2TP_BUILTIN_FALSE=''
L2TP_BUILTIN_TRUE='#'
L2TP_FALSE=''
L2TP_TRUE='#'
LD='/usr/bin/ld -m elf_i386'
LDFLAGS=''
LIBOBJS=''
LIBS=''
LIBTOOL='$(SHELL) $(top_builddir)/libtool'
LIPO=''
LN_S='ln -s'
LOOPBACK_FALSE='#'
LOOPBACK_TRUE=''
LTLIBOBJS=''
MAINT='#'
MAINTAINER_MODE_FALSE=''
MAINTAINER_MODE_TRUE='#'
MAKEINFO='${SHELL} /home/ubuntu/Downloads/connman-1.34/missing makeinfo'
MANIFEST_TOOL=':'
MKDIR_P='/usr/bin/mkdir -p'
NEARD_FALSE='#'
NEARD_TRUE=''
NFTABLES_CFLAGS=''
NFTABLES_FALSE=''
NFTABLES_LIBS=''
NFTABLES_TRUE='#'
NM='/usr/bin/nm -B'
NMCOMPAT_FALSE=''
NMCOMPAT_TRUE='#'
NMEDIT=''
OBJDUMP='objdump'
OBJEXT='o'
OFONO_FALSE='#'
OFONO_TRUE=''
OPENCONNECT=''
OPENCONNECT_BUILTIN_FALSE=''
OPENCONNECT_BUILTIN_TRUE='#'
OPENCONNECT_FALSE=''
OPENCONNECT_TRUE='#'
OPENVPN=''
OPENVPN_BUILTIN_FALSE=''
OPENVPN_BUILTIN_TRUE='#'
OPENVPN_FALSE=''
OPENVPN_TRUE='#'
OTOOL64=''
OTOOL=''
PACKAGE='connman'
PACKAGE_BUGREPORT=''
PACKAGE_NAME='connman'
PACKAGE_STRING='connman 1.34'
PACKAGE_TARNAME='connman'
PACKAGE_URL=''
PACKAGE_VERSION='1.34'
PACRUNNER_FALSE='#'
PACRUNNER_TRUE=''
PATH_SEPARATOR=':'
PKG_CONFIG='/usr/bin/pkg-config'
PKG_CONFIG_LIBDIR=''
PKG_CONFIG_PATH=''
POLKIT_DATADIR=''
POLKIT_FALSE=''
POLKIT_TRUE='#'
PPPD=''
PPTP=''
PPTP_BUILTIN_FALSE=''
PPTP_BUILTIN_TRUE='#'
PPTP_FALSE=''
PPTP_TRUE='#'
RANLIB='ranlib'
SED='/usr/bin/sed'
SELINUX_FALSE=''
SELINUX_TRUE='#'
SESSION_POLICY_LOCAL_BUILTIN_FALSE=''
SESSION_POLICY_LOCAL_BUILTIN_TRUE='#'
SESSION_POLICY_LOCAL_FALSE=''
SESSION_POLICY_LOCAL_TRUE='#'
SET_MAKE=''
SHELL='/bin/bash'
STRIP='strip'
SYSTEMD_FALSE='#'
SYSTEMD_TMPFILESDIR='/usr/lib/tmpfiles.d'
SYSTEMD_TRUE=''
SYSTEMD_UNITDIR='/usr/lib/systemd/system'
TEST_FALSE=''
TEST_TRUE='#'
TIST_BUILTIN_FALSE=''
TIST_BUILTIN_TRUE='#'
TIST_FALSE=''
TIST_TRUE='#'
TOOLS_FALSE='#'
TOOLS_TRUE=''
VERSION='1.34'
VPNC=''
VPNC_BUILTIN_FALSE=''
VPNC_BUILTIN_TRUE='#'
VPNC_FALSE=''
VPNC_TRUE='#'
VPN_FALSE=''
VPN_TRUE='#'
WIFI_FALSE='#'
WIFI_TRUE=''
WISPR_FALSE='#'
WISPR_TRUE=''
WPASUPPLICANT='/usr/sbin/wpa_supplicant'
XTABLES_CFLAGS=''
XTABLES_FALSE='#'
XTABLES_LIBS='-lxtables '
XTABLES_TRUE=''
abs_top_builddir=''
abs_top_srcdir=''
ac_ct_AR='ar'
ac_ct_CC='gcc'
ac_ct_DUMPBIN=''
am__EXEEXT_FALSE=''
am__EXEEXT_TRUE='#'
am__fastdepCC_FALSE='#'
am__fastdepCC_TRUE=''
am__include='include'
am__isrc=''
am__leading_dot='.'
am__nodep='_no'
am__quote=''
am__tar='$${TAR-tar} chof - "$$tardir"'
am__untar='$${TAR-tar} xf -'
bindir='${exec_prefix}/bin'
build='x86_64-unknown-linux-gnu'
build_alias=''
build_cpu='x86_64'
build_os='linux-gnu'
build_vendor='unknown'
datadir='${datarootdir}'
datarootdir='${prefix}/share'
docdir='${datarootdir}/doc/${PACKAGE_TARNAME}'
dvidir='${docdir}'
exec_prefix='${prefix}'
host='x86_64-unknown-linux-gnu'
host_alias=''
host_cpu='x86_64'
host_os='linux-gnu'
host_vendor='unknown'
htmldir='${docdir}'
includedir='${prefix}/include'
infodir='${datarootdir}/info'
install_sh='${SHELL} /home/ubuntu/Downloads/connman-1.34/install-sh'
libdir='${exec_prefix}/lib'
libexecdir='${exec_prefix}/libexec'
localedir='${datarootdir}/locale'
localstatedir='/var'
mandir='${datarootdir}/man'
mkdir_p='$(MKDIR_P)'
oldincludedir='/usr/include'
pdfdir='${docdir}'
prefix='/usr'
program_transform_name='s,x,x,'
psdir='${docdir}'
runstatedir='${localstatedir}/run'
sbindir='${exec_prefix}/sbin'
sharedstatedir='${prefix}/com'
sysconfdir='/etc'
target_alias=''

## ----------- ##
## confdefs.h. ##
## ----------- ##

/* confdefs.h */
#define PACKAGE_NAME "connman"
#define PACKAGE_TARNAME "connman"
#define PACKAGE_VERSION "1.34"
#define PACKAGE_STRING "connman 1.34"
#define PACKAGE_BUGREPORT ""
#define PACKAGE_URL ""
#define PACKAGE "connman"
#define VERSION "1.34"
#define STDC_HEADERS 1
#define HAVE_SYS_TYPES_H 1
#define HAVE_SYS_STAT_H 1
#define HAVE_STDLIB_H 1
#define HAVE_STRING_H 1
#define HAVE_MEMORY_H 1
#define HAVE_STRINGS_H 1
#define HAVE_INTTYPES_H 1
#define HAVE_STDINT_H 1
#define HAVE_UNISTD_H 1
#define HAVE_DLFCN_H 1
#define LT_OBJDIR ".libs/"
#define HAVE_RESOLV_H 1
#define HAVE_EXECINFO_H 1
#define STATS_MAX_FILE_SIZE (16 * 8 * 128)
#define HAVE_SYS_INOTIFY_H 1
#define HAVE_READLINE_READLINE_H 1

configure: exit 0
